  main.c
  stm32f0xx_hal_msp.c
  stm32f0xx_it.c
  application.c
  stm32f0xx_hal.c
  stm32f0xx_hal_adc.c
  stm32f0xx_hal_adc_ex.c
  stm32f0xx_hal_can.c
  stm32f0xx_hal_cec.c
  stm32f0xx_hal_comp.c
  stm32f0xx_hal_cortex.c
  stm32f0xx_hal_crc.c
  stm32f0xx_hal_crc_ex.c
  stm32f0xx_hal_dac.c
  stm32f0xx_hal_dac_ex.c
  stm32f0xx_hal_dma.c
  stm32f0xx_hal_flash.c
  stm32f0xx_hal_flash_ex.c
  stm32f0xx_hal_gpio.c
  stm32f0xx_hal_i2c.c
  stm32f0xx_hal_i2c_ex.c
  stm32f0xx_hal_i2s.c
  stm32f0xx_hal_irda.c
  stm32f0xx_hal_iwdg.c
  stm32f0xx_hal_pcd.c
  stm32f0xx_hal_pcd_ex.c
  stm32f0xx_hal_pwr.c
  stm32f0xx_hal_pwr_ex.c
  stm32f0xx_hal_rcc.c
  stm32f0xx_hal_rcc_ex.c
  stm32f0xx_hal_rtc.c
  stm32f0xx_hal_rtc_ex.c
  stm32f0xx_hal_smartcard.c
  stm32f0xx_hal_smartcard_ex.c
  stm32f0xx_hal_smbus.c
  stm32f0xx_hal_spi.c
  stm32f0xx_hal_spi_ex.c
  stm32f0xx_hal_tim.c
  stm32f0xx_hal_tim_ex.c
  stm32f0xx_hal_tsc.c
  stm32f0xx_hal_uart.c
  stm32f0xx_hal_uart_ex.c
  stm32f0xx_hal_usart.c
  stm32f0xx_hal_wwdg.c
  Linking ../VisualGDB/Debug/stm32f030f4_digital_encoder...
  ------------------- Memory utilization report -------------------
  Used FLASH: 16KB out of 32KB (52%) [+32]
  Used SRAM: 416 bytes out of 4096 bytes (10%)
