c:\users\drew\source\repos\stm32f030f4_digital_encoder\visualgdb\debug\stm32f030f4_digital_encoder.link.rsp
c:\users\drew\source\repos\stm32f030f4_digital_encoder\visualgdb\debug\stm32f030f4_digital_encoder.mkbin.rsp
c:\users\drew\source\repos\stm32f030f4_digital_encoder\visualgdb\debug\stm32f030f4_digital_encoder.bin
c:\users\drew\source\repos\stm32f030f4_digital_encoder\stm32f030f4_digital_encoder\visualgdb\debug\application.o
c:\users\drew\source\repos\stm32f030f4_digital_encoder\stm32f030f4_digital_encoder\visualgdb\debug\main.o
c:\users\drew\source\repos\stm32f030f4_digital_encoder\stm32f030f4_digital_encoder\visualgdb\debug\startup_stm32f030x6.o
c:\users\drew\source\repos\stm32f030f4_digital_encoder\stm32f030f4_digital_encoder\visualgdb\debug\stm32f0xx_hal.o
c:\users\drew\source\repos\stm32f030f4_digital_encoder\stm32f030f4_digital_encoder\visualgdb\debug\stm32f0xx_hal_adc.o
c:\users\drew\source\repos\stm32f030f4_digital_encoder\stm32f030f4_digital_encoder\visualgdb\debug\stm32f0xx_hal_adc_ex.o
c:\users\drew\source\repos\stm32f030f4_digital_encoder\stm32f030f4_digital_encoder\visualgdb\debug\stm32f0xx_hal_can.o
c:\users\drew\source\repos\stm32f030f4_digital_encoder\stm32f030f4_digital_encoder\visualgdb\debug\stm32f0xx_hal_cec.o
c:\users\drew\source\repos\stm32f030f4_digital_encoder\stm32f030f4_digital_encoder\visualgdb\debug\stm32f0xx_hal_comp.o
c:\users\drew\source\repos\stm32f030f4_digital_encoder\stm32f030f4_digital_encoder\visualgdb\debug\stm32f0xx_hal_cortex.o
c:\users\drew\source\repos\stm32f030f4_digital_encoder\stm32f030f4_digital_encoder\visualgdb\debug\stm32f0xx_hal_crc.o
c:\users\drew\source\repos\stm32f030f4_digital_encoder\stm32f030f4_digital_encoder\visualgdb\debug\stm32f0xx_hal_crc_ex.o
c:\users\drew\source\repos\stm32f030f4_digital_encoder\stm32f030f4_digital_encoder\visualgdb\debug\stm32f0xx_hal_dac.o
c:\users\drew\source\repos\stm32f030f4_digital_encoder\stm32f030f4_digital_encoder\visualgdb\debug\stm32f0xx_hal_dac_ex.o
c:\users\drew\source\repos\stm32f030f4_digital_encoder\stm32f030f4_digital_encoder\visualgdb\debug\stm32f0xx_hal_dma.o
c:\users\drew\source\repos\stm32f030f4_digital_encoder\stm32f030f4_digital_encoder\visualgdb\debug\stm32f0xx_hal_flash.o
c:\users\drew\source\repos\stm32f030f4_digital_encoder\stm32f030f4_digital_encoder\visualgdb\debug\stm32f0xx_hal_flash_ex.o
c:\users\drew\source\repos\stm32f030f4_digital_encoder\stm32f030f4_digital_encoder\visualgdb\debug\stm32f0xx_hal_gpio.o
c:\users\drew\source\repos\stm32f030f4_digital_encoder\stm32f030f4_digital_encoder\visualgdb\debug\stm32f0xx_hal_i2c.o
c:\users\drew\source\repos\stm32f030f4_digital_encoder\stm32f030f4_digital_encoder\visualgdb\debug\stm32f0xx_hal_i2c_ex.o
c:\users\drew\source\repos\stm32f030f4_digital_encoder\stm32f030f4_digital_encoder\visualgdb\debug\stm32f0xx_hal_i2s.o
c:\users\drew\source\repos\stm32f030f4_digital_encoder\stm32f030f4_digital_encoder\visualgdb\debug\stm32f0xx_hal_irda.o
c:\users\drew\source\repos\stm32f030f4_digital_encoder\stm32f030f4_digital_encoder\visualgdb\debug\stm32f0xx_hal_iwdg.o
c:\users\drew\source\repos\stm32f030f4_digital_encoder\stm32f030f4_digital_encoder\visualgdb\debug\stm32f0xx_hal_msp.o
c:\users\drew\source\repos\stm32f030f4_digital_encoder\stm32f030f4_digital_encoder\visualgdb\debug\stm32f0xx_hal_pcd.o
c:\users\drew\source\repos\stm32f030f4_digital_encoder\stm32f030f4_digital_encoder\visualgdb\debug\stm32f0xx_hal_pcd_ex.o
c:\users\drew\source\repos\stm32f030f4_digital_encoder\stm32f030f4_digital_encoder\visualgdb\debug\stm32f0xx_hal_pwr.o
c:\users\drew\source\repos\stm32f030f4_digital_encoder\stm32f030f4_digital_encoder\visualgdb\debug\stm32f0xx_hal_pwr_ex.o
c:\users\drew\source\repos\stm32f030f4_digital_encoder\stm32f030f4_digital_encoder\visualgdb\debug\stm32f0xx_hal_rcc.o
c:\users\drew\source\repos\stm32f030f4_digital_encoder\stm32f030f4_digital_encoder\visualgdb\debug\stm32f0xx_hal_rcc_ex.o
c:\users\drew\source\repos\stm32f030f4_digital_encoder\stm32f030f4_digital_encoder\visualgdb\debug\stm32f0xx_hal_rtc.o
c:\users\drew\source\repos\stm32f030f4_digital_encoder\stm32f030f4_digital_encoder\visualgdb\debug\stm32f0xx_hal_rtc_ex.o
c:\users\drew\source\repos\stm32f030f4_digital_encoder\stm32f030f4_digital_encoder\visualgdb\debug\stm32f0xx_hal_smartcard.o
c:\users\drew\source\repos\stm32f030f4_digital_encoder\stm32f030f4_digital_encoder\visualgdb\debug\stm32f0xx_hal_smartcard_ex.o
c:\users\drew\source\repos\stm32f030f4_digital_encoder\stm32f030f4_digital_encoder\visualgdb\debug\stm32f0xx_hal_smbus.o
c:\users\drew\source\repos\stm32f030f4_digital_encoder\stm32f030f4_digital_encoder\visualgdb\debug\stm32f0xx_hal_spi.o
c:\users\drew\source\repos\stm32f030f4_digital_encoder\stm32f030f4_digital_encoder\visualgdb\debug\stm32f0xx_hal_spi_ex.o
c:\users\drew\source\repos\stm32f030f4_digital_encoder\stm32f030f4_digital_encoder\visualgdb\debug\stm32f0xx_hal_tim.o
c:\users\drew\source\repos\stm32f030f4_digital_encoder\stm32f030f4_digital_encoder\visualgdb\debug\stm32f0xx_hal_tim_ex.o
c:\users\drew\source\repos\stm32f030f4_digital_encoder\stm32f030f4_digital_encoder\visualgdb\debug\stm32f0xx_hal_tsc.o
c:\users\drew\source\repos\stm32f030f4_digital_encoder\stm32f030f4_digital_encoder\visualgdb\debug\stm32f0xx_hal_uart.o
c:\users\drew\source\repos\stm32f030f4_digital_encoder\stm32f030f4_digital_encoder\visualgdb\debug\stm32f0xx_hal_uart_ex.o
c:\users\drew\source\repos\stm32f030f4_digital_encoder\stm32f030f4_digital_encoder\visualgdb\debug\stm32f0xx_hal_usart.o
c:\users\drew\source\repos\stm32f030f4_digital_encoder\stm32f030f4_digital_encoder\visualgdb\debug\stm32f0xx_hal_wwdg.o
c:\users\drew\source\repos\stm32f030f4_digital_encoder\stm32f030f4_digital_encoder\visualgdb\debug\stm32f0xx_it.o
c:\users\drew\source\repos\stm32f030f4_digital_encoder\stm32f030f4_digital_encoder\visualgdb\debug\stm32f0xx_ll_adc.o
c:\users\drew\source\repos\stm32f030f4_digital_encoder\stm32f030f4_digital_encoder\visualgdb\debug\stm32f0xx_ll_comp.o
c:\users\drew\source\repos\stm32f030f4_digital_encoder\stm32f030f4_digital_encoder\visualgdb\debug\stm32f0xx_ll_crc.o
c:\users\drew\source\repos\stm32f030f4_digital_encoder\stm32f030f4_digital_encoder\visualgdb\debug\stm32f0xx_ll_crs.o
c:\users\drew\source\repos\stm32f030f4_digital_encoder\stm32f030f4_digital_encoder\visualgdb\debug\stm32f0xx_ll_dac.o
c:\users\drew\source\repos\stm32f030f4_digital_encoder\stm32f030f4_digital_encoder\visualgdb\debug\stm32f0xx_ll_dma.o
c:\users\drew\source\repos\stm32f030f4_digital_encoder\stm32f030f4_digital_encoder\visualgdb\debug\stm32f0xx_ll_exti.o
c:\users\drew\source\repos\stm32f030f4_digital_encoder\stm32f030f4_digital_encoder\visualgdb\debug\stm32f0xx_ll_gpio.o
c:\users\drew\source\repos\stm32f030f4_digital_encoder\stm32f030f4_digital_encoder\visualgdb\debug\stm32f0xx_ll_i2c.o
c:\users\drew\source\repos\stm32f030f4_digital_encoder\stm32f030f4_digital_encoder\visualgdb\debug\stm32f0xx_ll_pwr.o
c:\users\drew\source\repos\stm32f030f4_digital_encoder\stm32f030f4_digital_encoder\visualgdb\debug\stm32f0xx_ll_rcc.o
c:\users\drew\source\repos\stm32f030f4_digital_encoder\stm32f030f4_digital_encoder\visualgdb\debug\stm32f0xx_ll_rtc.o
c:\users\drew\source\repos\stm32f030f4_digital_encoder\stm32f030f4_digital_encoder\visualgdb\debug\stm32f0xx_ll_spi.o
c:\users\drew\source\repos\stm32f030f4_digital_encoder\stm32f030f4_digital_encoder\visualgdb\debug\stm32f0xx_ll_tim.o
c:\users\drew\source\repos\stm32f030f4_digital_encoder\stm32f030f4_digital_encoder\visualgdb\debug\stm32f0xx_ll_usart.o
c:\users\drew\source\repos\stm32f030f4_digital_encoder\stm32f030f4_digital_encoder\visualgdb\debug\stm32f0xx_ll_utils.o
c:\users\drew\source\repos\stm32f030f4_digital_encoder\stm32f030f4_digital_encoder\visualgdb\debug\system_stm32f0xx.o
c:\users\drew\source\repos\stm32f030f4_digital_encoder\stm32f030f4_digital_encoder\visualgdb\debug\application.dep
c:\users\drew\source\repos\stm32f030f4_digital_encoder\stm32f030f4_digital_encoder\visualgdb\debug\main.dep
c:\users\drew\source\repos\stm32f030f4_digital_encoder\stm32f030f4_digital_encoder\visualgdb\debug\startup_stm32f030x6.dep
c:\users\drew\source\repos\stm32f030f4_digital_encoder\stm32f030f4_digital_encoder\visualgdb\debug\stm32f0xx_hal.dep
c:\users\drew\source\repos\stm32f030f4_digital_encoder\stm32f030f4_digital_encoder\visualgdb\debug\stm32f0xx_hal_adc.dep
c:\users\drew\source\repos\stm32f030f4_digital_encoder\stm32f030f4_digital_encoder\visualgdb\debug\stm32f0xx_hal_adc_ex.dep
c:\users\drew\source\repos\stm32f030f4_digital_encoder\stm32f030f4_digital_encoder\visualgdb\debug\stm32f0xx_hal_can.dep
c:\users\drew\source\repos\stm32f030f4_digital_encoder\stm32f030f4_digital_encoder\visualgdb\debug\stm32f0xx_hal_cec.dep
c:\users\drew\source\repos\stm32f030f4_digital_encoder\stm32f030f4_digital_encoder\visualgdb\debug\stm32f0xx_hal_comp.dep
c:\users\drew\source\repos\stm32f030f4_digital_encoder\stm32f030f4_digital_encoder\visualgdb\debug\stm32f0xx_hal_cortex.dep
c:\users\drew\source\repos\stm32f030f4_digital_encoder\stm32f030f4_digital_encoder\visualgdb\debug\stm32f0xx_hal_crc.dep
c:\users\drew\source\repos\stm32f030f4_digital_encoder\stm32f030f4_digital_encoder\visualgdb\debug\stm32f0xx_hal_crc_ex.dep
c:\users\drew\source\repos\stm32f030f4_digital_encoder\stm32f030f4_digital_encoder\visualgdb\debug\stm32f0xx_hal_dac.dep
c:\users\drew\source\repos\stm32f030f4_digital_encoder\stm32f030f4_digital_encoder\visualgdb\debug\stm32f0xx_hal_dac_ex.dep
c:\users\drew\source\repos\stm32f030f4_digital_encoder\stm32f030f4_digital_encoder\visualgdb\debug\stm32f0xx_hal_dma.dep
c:\users\drew\source\repos\stm32f030f4_digital_encoder\stm32f030f4_digital_encoder\visualgdb\debug\stm32f0xx_hal_flash.dep
c:\users\drew\source\repos\stm32f030f4_digital_encoder\stm32f030f4_digital_encoder\visualgdb\debug\stm32f0xx_hal_flash_ex.dep
c:\users\drew\source\repos\stm32f030f4_digital_encoder\stm32f030f4_digital_encoder\visualgdb\debug\stm32f0xx_hal_gpio.dep
c:\users\drew\source\repos\stm32f030f4_digital_encoder\stm32f030f4_digital_encoder\visualgdb\debug\stm32f0xx_hal_i2c.dep
c:\users\drew\source\repos\stm32f030f4_digital_encoder\stm32f030f4_digital_encoder\visualgdb\debug\stm32f0xx_hal_i2c_ex.dep
c:\users\drew\source\repos\stm32f030f4_digital_encoder\stm32f030f4_digital_encoder\visualgdb\debug\stm32f0xx_hal_i2s.dep
c:\users\drew\source\repos\stm32f030f4_digital_encoder\stm32f030f4_digital_encoder\visualgdb\debug\stm32f0xx_hal_irda.dep
c:\users\drew\source\repos\stm32f030f4_digital_encoder\stm32f030f4_digital_encoder\visualgdb\debug\stm32f0xx_hal_iwdg.dep
c:\users\drew\source\repos\stm32f030f4_digital_encoder\stm32f030f4_digital_encoder\visualgdb\debug\stm32f0xx_hal_msp.dep
c:\users\drew\source\repos\stm32f030f4_digital_encoder\stm32f030f4_digital_encoder\visualgdb\debug\stm32f0xx_hal_pcd.dep
c:\users\drew\source\repos\stm32f030f4_digital_encoder\stm32f030f4_digital_encoder\visualgdb\debug\stm32f0xx_hal_pcd_ex.dep
c:\users\drew\source\repos\stm32f030f4_digital_encoder\stm32f030f4_digital_encoder\visualgdb\debug\stm32f0xx_hal_pwr.dep
c:\users\drew\source\repos\stm32f030f4_digital_encoder\stm32f030f4_digital_encoder\visualgdb\debug\stm32f0xx_hal_pwr_ex.dep
c:\users\drew\source\repos\stm32f030f4_digital_encoder\stm32f030f4_digital_encoder\visualgdb\debug\stm32f0xx_hal_rcc.dep
c:\users\drew\source\repos\stm32f030f4_digital_encoder\stm32f030f4_digital_encoder\visualgdb\debug\stm32f0xx_hal_rcc_ex.dep
c:\users\drew\source\repos\stm32f030f4_digital_encoder\stm32f030f4_digital_encoder\visualgdb\debug\stm32f0xx_hal_rtc.dep
c:\users\drew\source\repos\stm32f030f4_digital_encoder\stm32f030f4_digital_encoder\visualgdb\debug\stm32f0xx_hal_rtc_ex.dep
c:\users\drew\source\repos\stm32f030f4_digital_encoder\stm32f030f4_digital_encoder\visualgdb\debug\stm32f0xx_hal_smartcard.dep
c:\users\drew\source\repos\stm32f030f4_digital_encoder\stm32f030f4_digital_encoder\visualgdb\debug\stm32f0xx_hal_smartcard_ex.dep
c:\users\drew\source\repos\stm32f030f4_digital_encoder\stm32f030f4_digital_encoder\visualgdb\debug\stm32f0xx_hal_smbus.dep
c:\users\drew\source\repos\stm32f030f4_digital_encoder\stm32f030f4_digital_encoder\visualgdb\debug\stm32f0xx_hal_spi.dep
c:\users\drew\source\repos\stm32f030f4_digital_encoder\stm32f030f4_digital_encoder\visualgdb\debug\stm32f0xx_hal_spi_ex.dep
c:\users\drew\source\repos\stm32f030f4_digital_encoder\stm32f030f4_digital_encoder\visualgdb\debug\stm32f0xx_hal_tim.dep
c:\users\drew\source\repos\stm32f030f4_digital_encoder\stm32f030f4_digital_encoder\visualgdb\debug\stm32f0xx_hal_tim_ex.dep
c:\users\drew\source\repos\stm32f030f4_digital_encoder\stm32f030f4_digital_encoder\visualgdb\debug\stm32f0xx_hal_tsc.dep
c:\users\drew\source\repos\stm32f030f4_digital_encoder\stm32f030f4_digital_encoder\visualgdb\debug\stm32f0xx_hal_uart.dep
c:\users\drew\source\repos\stm32f030f4_digital_encoder\stm32f030f4_digital_encoder\visualgdb\debug\stm32f0xx_hal_uart_ex.dep
c:\users\drew\source\repos\stm32f030f4_digital_encoder\stm32f030f4_digital_encoder\visualgdb\debug\stm32f0xx_hal_usart.dep
c:\users\drew\source\repos\stm32f030f4_digital_encoder\stm32f030f4_digital_encoder\visualgdb\debug\stm32f0xx_hal_wwdg.dep
c:\users\drew\source\repos\stm32f030f4_digital_encoder\stm32f030f4_digital_encoder\visualgdb\debug\stm32f0xx_it.dep
c:\users\drew\source\repos\stm32f030f4_digital_encoder\stm32f030f4_digital_encoder\visualgdb\debug\stm32f0xx_ll_adc.dep
c:\users\drew\source\repos\stm32f030f4_digital_encoder\stm32f030f4_digital_encoder\visualgdb\debug\stm32f0xx_ll_comp.dep
c:\users\drew\source\repos\stm32f030f4_digital_encoder\stm32f030f4_digital_encoder\visualgdb\debug\stm32f0xx_ll_crc.dep
c:\users\drew\source\repos\stm32f030f4_digital_encoder\stm32f030f4_digital_encoder\visualgdb\debug\stm32f0xx_ll_crs.dep
c:\users\drew\source\repos\stm32f030f4_digital_encoder\stm32f030f4_digital_encoder\visualgdb\debug\stm32f0xx_ll_dac.dep
c:\users\drew\source\repos\stm32f030f4_digital_encoder\stm32f030f4_digital_encoder\visualgdb\debug\stm32f0xx_ll_dma.dep
c:\users\drew\source\repos\stm32f030f4_digital_encoder\stm32f030f4_digital_encoder\visualgdb\debug\stm32f0xx_ll_exti.dep
c:\users\drew\source\repos\stm32f030f4_digital_encoder\stm32f030f4_digital_encoder\visualgdb\debug\stm32f0xx_ll_gpio.dep
c:\users\drew\source\repos\stm32f030f4_digital_encoder\stm32f030f4_digital_encoder\visualgdb\debug\stm32f0xx_ll_i2c.dep
c:\users\drew\source\repos\stm32f030f4_digital_encoder\stm32f030f4_digital_encoder\visualgdb\debug\stm32f0xx_ll_pwr.dep
c:\users\drew\source\repos\stm32f030f4_digital_encoder\stm32f030f4_digital_encoder\visualgdb\debug\stm32f0xx_ll_rcc.dep
c:\users\drew\source\repos\stm32f030f4_digital_encoder\stm32f030f4_digital_encoder\visualgdb\debug\stm32f0xx_ll_rtc.dep
c:\users\drew\source\repos\stm32f030f4_digital_encoder\stm32f030f4_digital_encoder\visualgdb\debug\stm32f0xx_ll_spi.dep
c:\users\drew\source\repos\stm32f030f4_digital_encoder\stm32f030f4_digital_encoder\visualgdb\debug\stm32f0xx_ll_tim.dep
c:\users\drew\source\repos\stm32f030f4_digital_encoder\stm32f030f4_digital_encoder\visualgdb\debug\stm32f0xx_ll_usart.dep
c:\users\drew\source\repos\stm32f030f4_digital_encoder\stm32f030f4_digital_encoder\visualgdb\debug\stm32f0xx_ll_utils.dep
c:\users\drew\source\repos\stm32f030f4_digital_encoder\stm32f030f4_digital_encoder\visualgdb\debug\system_stm32f0xx.dep
c:\users\drew\source\repos\stm32f030f4_digital_encoder\stm32f030f4_digital_encoder\visualgdb\debug\application.gcc.rsp
c:\users\drew\source\repos\stm32f030f4_digital_encoder\stm32f030f4_digital_encoder\visualgdb\debug\main.gcc.rsp
c:\users\drew\source\repos\stm32f030f4_digital_encoder\stm32f030f4_digital_encoder\visualgdb\debug\startup_stm32f030x6.gcc.rsp
c:\users\drew\source\repos\stm32f030f4_digital_encoder\stm32f030f4_digital_encoder\visualgdb\debug\stm32f0xx_hal.gcc.rsp
c:\users\drew\source\repos\stm32f030f4_digital_encoder\stm32f030f4_digital_encoder\visualgdb\debug\stm32f0xx_hal_adc.gcc.rsp
c:\users\drew\source\repos\stm32f030f4_digital_encoder\stm32f030f4_digital_encoder\visualgdb\debug\stm32f0xx_hal_adc_ex.gcc.rsp
c:\users\drew\source\repos\stm32f030f4_digital_encoder\stm32f030f4_digital_encoder\visualgdb\debug\stm32f0xx_hal_can.gcc.rsp
c:\users\drew\source\repos\stm32f030f4_digital_encoder\stm32f030f4_digital_encoder\visualgdb\debug\stm32f0xx_hal_cec.gcc.rsp
c:\users\drew\source\repos\stm32f030f4_digital_encoder\stm32f030f4_digital_encoder\visualgdb\debug\stm32f0xx_hal_comp.gcc.rsp
c:\users\drew\source\repos\stm32f030f4_digital_encoder\stm32f030f4_digital_encoder\visualgdb\debug\stm32f0xx_hal_cortex.gcc.rsp
c:\users\drew\source\repos\stm32f030f4_digital_encoder\stm32f030f4_digital_encoder\visualgdb\debug\stm32f0xx_hal_crc.gcc.rsp
c:\users\drew\source\repos\stm32f030f4_digital_encoder\stm32f030f4_digital_encoder\visualgdb\debug\stm32f0xx_hal_crc_ex.gcc.rsp
c:\users\drew\source\repos\stm32f030f4_digital_encoder\stm32f030f4_digital_encoder\visualgdb\debug\stm32f0xx_hal_dac.gcc.rsp
c:\users\drew\source\repos\stm32f030f4_digital_encoder\stm32f030f4_digital_encoder\visualgdb\debug\stm32f0xx_hal_dac_ex.gcc.rsp
c:\users\drew\source\repos\stm32f030f4_digital_encoder\stm32f030f4_digital_encoder\visualgdb\debug\stm32f0xx_hal_dma.gcc.rsp
c:\users\drew\source\repos\stm32f030f4_digital_encoder\stm32f030f4_digital_encoder\visualgdb\debug\stm32f0xx_hal_flash.gcc.rsp
c:\users\drew\source\repos\stm32f030f4_digital_encoder\stm32f030f4_digital_encoder\visualgdb\debug\stm32f0xx_hal_flash_ex.gcc.rsp
c:\users\drew\source\repos\stm32f030f4_digital_encoder\stm32f030f4_digital_encoder\visualgdb\debug\stm32f0xx_hal_gpio.gcc.rsp
c:\users\drew\source\repos\stm32f030f4_digital_encoder\stm32f030f4_digital_encoder\visualgdb\debug\stm32f0xx_hal_i2c.gcc.rsp
c:\users\drew\source\repos\stm32f030f4_digital_encoder\stm32f030f4_digital_encoder\visualgdb\debug\stm32f0xx_hal_i2c_ex.gcc.rsp
c:\users\drew\source\repos\stm32f030f4_digital_encoder\stm32f030f4_digital_encoder\visualgdb\debug\stm32f0xx_hal_i2s.gcc.rsp
c:\users\drew\source\repos\stm32f030f4_digital_encoder\stm32f030f4_digital_encoder\visualgdb\debug\stm32f0xx_hal_irda.gcc.rsp
c:\users\drew\source\repos\stm32f030f4_digital_encoder\stm32f030f4_digital_encoder\visualgdb\debug\stm32f0xx_hal_iwdg.gcc.rsp
c:\users\drew\source\repos\stm32f030f4_digital_encoder\stm32f030f4_digital_encoder\visualgdb\debug\stm32f0xx_hal_msp.gcc.rsp
c:\users\drew\source\repos\stm32f030f4_digital_encoder\stm32f030f4_digital_encoder\visualgdb\debug\stm32f0xx_hal_pcd.gcc.rsp
c:\users\drew\source\repos\stm32f030f4_digital_encoder\stm32f030f4_digital_encoder\visualgdb\debug\stm32f0xx_hal_pcd_ex.gcc.rsp
c:\users\drew\source\repos\stm32f030f4_digital_encoder\stm32f030f4_digital_encoder\visualgdb\debug\stm32f0xx_hal_pwr.gcc.rsp
c:\users\drew\source\repos\stm32f030f4_digital_encoder\stm32f030f4_digital_encoder\visualgdb\debug\stm32f0xx_hal_pwr_ex.gcc.rsp
c:\users\drew\source\repos\stm32f030f4_digital_encoder\stm32f030f4_digital_encoder\visualgdb\debug\stm32f0xx_hal_rcc.gcc.rsp
c:\users\drew\source\repos\stm32f030f4_digital_encoder\stm32f030f4_digital_encoder\visualgdb\debug\stm32f0xx_hal_rcc_ex.gcc.rsp
c:\users\drew\source\repos\stm32f030f4_digital_encoder\stm32f030f4_digital_encoder\visualgdb\debug\stm32f0xx_hal_rtc.gcc.rsp
c:\users\drew\source\repos\stm32f030f4_digital_encoder\stm32f030f4_digital_encoder\visualgdb\debug\stm32f0xx_hal_rtc_ex.gcc.rsp
c:\users\drew\source\repos\stm32f030f4_digital_encoder\stm32f030f4_digital_encoder\visualgdb\debug\stm32f0xx_hal_smartcard.gcc.rsp
c:\users\drew\source\repos\stm32f030f4_digital_encoder\stm32f030f4_digital_encoder\visualgdb\debug\stm32f0xx_hal_smartcard_ex.gcc.rsp
c:\users\drew\source\repos\stm32f030f4_digital_encoder\stm32f030f4_digital_encoder\visualgdb\debug\stm32f0xx_hal_smbus.gcc.rsp
c:\users\drew\source\repos\stm32f030f4_digital_encoder\stm32f030f4_digital_encoder\visualgdb\debug\stm32f0xx_hal_spi.gcc.rsp
c:\users\drew\source\repos\stm32f030f4_digital_encoder\stm32f030f4_digital_encoder\visualgdb\debug\stm32f0xx_hal_spi_ex.gcc.rsp
c:\users\drew\source\repos\stm32f030f4_digital_encoder\stm32f030f4_digital_encoder\visualgdb\debug\stm32f0xx_hal_tim.gcc.rsp
c:\users\drew\source\repos\stm32f030f4_digital_encoder\stm32f030f4_digital_encoder\visualgdb\debug\stm32f0xx_hal_tim_ex.gcc.rsp
c:\users\drew\source\repos\stm32f030f4_digital_encoder\stm32f030f4_digital_encoder\visualgdb\debug\stm32f0xx_hal_tsc.gcc.rsp
c:\users\drew\source\repos\stm32f030f4_digital_encoder\stm32f030f4_digital_encoder\visualgdb\debug\stm32f0xx_hal_uart.gcc.rsp
c:\users\drew\source\repos\stm32f030f4_digital_encoder\stm32f030f4_digital_encoder\visualgdb\debug\stm32f0xx_hal_uart_ex.gcc.rsp
c:\users\drew\source\repos\stm32f030f4_digital_encoder\stm32f030f4_digital_encoder\visualgdb\debug\stm32f0xx_hal_usart.gcc.rsp
c:\users\drew\source\repos\stm32f030f4_digital_encoder\stm32f030f4_digital_encoder\visualgdb\debug\stm32f0xx_hal_wwdg.gcc.rsp
c:\users\drew\source\repos\stm32f030f4_digital_encoder\stm32f030f4_digital_encoder\visualgdb\debug\stm32f0xx_it.gcc.rsp
c:\users\drew\source\repos\stm32f030f4_digital_encoder\stm32f030f4_digital_encoder\visualgdb\debug\stm32f0xx_ll_adc.gcc.rsp
c:\users\drew\source\repos\stm32f030f4_digital_encoder\stm32f030f4_digital_encoder\visualgdb\debug\stm32f0xx_ll_comp.gcc.rsp
c:\users\drew\source\repos\stm32f030f4_digital_encoder\stm32f030f4_digital_encoder\visualgdb\debug\stm32f0xx_ll_crc.gcc.rsp
c:\users\drew\source\repos\stm32f030f4_digital_encoder\stm32f030f4_digital_encoder\visualgdb\debug\stm32f0xx_ll_crs.gcc.rsp
c:\users\drew\source\repos\stm32f030f4_digital_encoder\stm32f030f4_digital_encoder\visualgdb\debug\stm32f0xx_ll_dac.gcc.rsp
c:\users\drew\source\repos\stm32f030f4_digital_encoder\stm32f030f4_digital_encoder\visualgdb\debug\stm32f0xx_ll_dma.gcc.rsp
c:\users\drew\source\repos\stm32f030f4_digital_encoder\stm32f030f4_digital_encoder\visualgdb\debug\stm32f0xx_ll_exti.gcc.rsp
c:\users\drew\source\repos\stm32f030f4_digital_encoder\stm32f030f4_digital_encoder\visualgdb\debug\stm32f0xx_ll_gpio.gcc.rsp
c:\users\drew\source\repos\stm32f030f4_digital_encoder\stm32f030f4_digital_encoder\visualgdb\debug\stm32f0xx_ll_i2c.gcc.rsp
c:\users\drew\source\repos\stm32f030f4_digital_encoder\stm32f030f4_digital_encoder\visualgdb\debug\stm32f0xx_ll_pwr.gcc.rsp
c:\users\drew\source\repos\stm32f030f4_digital_encoder\stm32f030f4_digital_encoder\visualgdb\debug\stm32f0xx_ll_rcc.gcc.rsp
c:\users\drew\source\repos\stm32f030f4_digital_encoder\stm32f030f4_digital_encoder\visualgdb\debug\stm32f0xx_ll_rtc.gcc.rsp
c:\users\drew\source\repos\stm32f030f4_digital_encoder\stm32f030f4_digital_encoder\visualgdb\debug\stm32f0xx_ll_spi.gcc.rsp
c:\users\drew\source\repos\stm32f030f4_digital_encoder\stm32f030f4_digital_encoder\visualgdb\debug\stm32f0xx_ll_tim.gcc.rsp
c:\users\drew\source\repos\stm32f030f4_digital_encoder\stm32f030f4_digital_encoder\visualgdb\debug\stm32f0xx_ll_usart.gcc.rsp
c:\users\drew\source\repos\stm32f030f4_digital_encoder\stm32f030f4_digital_encoder\visualgdb\debug\stm32f0xx_ll_utils.gcc.rsp
c:\users\drew\source\repos\stm32f030f4_digital_encoder\stm32f030f4_digital_encoder\visualgdb\debug\system_stm32f0xx.gcc.rsp
c:\users\drew\source\repos\stm32f030f4_digital_encoder\stm32f030f4_digital_encoder\visualgdb\debug\stm32f030f4_digital_encoder.alldeps
